#
# There is insufficient memory for the Java Runtime Environment to continue.
# Native memory allocation (malloc) failed to allocate 1549936 bytes for Chunk::new
# Possible reasons:
#   The system is out of physical RAM or swap space
#   The process is running with CompressedOops enabled, and the Java Heap may be blocking the growth of the native heap
# Possible solutions:
#   Reduce memory load on the system
#   Increase physical memory or swap space
#   Check if swap backing store is full
#   Decrease Java heap size (-Xmx/-Xms)
#   Decrease number of Java threads
#   Decrease Java thread stack sizes (-Xss)
#   Set larger code cache with -XX:ReservedCodeCacheSize=
#   JVM is running with Zero Based Compressed Oops mode in which the Java heap is
#     placed in the first 32GB address space. The Java Heap base address is the
#     maximum limit for the native heap growth. Please use -XX:HeapBaseMinAddress
#     to set the Java Heap base and to place the Java Heap above 32GB virtual address.
# This output file may be truncated or incomplete.
#
#  Out of Memory Error (arena.cpp:195), pid=20456, tid=5460
#
# JRE version: Java(TM) SE Runtime Environment (16.0.1+9) (build 16.0.1+9-24)
# Java VM: Java HotSpot(TM) 64-Bit Server VM (16.0.1+9-24, mixed mode, sharing, tiered, compressed oops, compressed class ptrs, g1 gc, windows-amd64)
# No core dump will be written. Minidumps are not enabled by default on client versions of Windows
#

---------------  S U M M A R Y ------------

Command Line: -Dclassworlds.conf=C:\Program Files\NetBeans-12.6\netbeans\java\maven\bin\..\bin\m2.conf -Dmaven.home=C:\Program Files\NetBeans-12.6\netbeans\java\maven\bin\.. -Dlibrary.jansi.path=C:\Program Files\NetBeans-12.6\netbeans\java\maven\bin\..\lib\jansi-native -Dmaven.multiModuleProjectDirectory=C:\Users\Surface Pro\Documents\NetBeansProjects\ServicesEtudiants org.codehaus.plexus.classworlds.launcher.Launcher -Dexec.vmArgs= -Dexec.args=${exec.vmArgs} -classpath %classpath ${exec.mainClass} ${exec.appArgs} -Dexec.appArgs= -Dexec.mainClass=com.mycompany.servicesetudiants.Login -Dexec.executable=C:\Program Files\Java\jdk-16.0.1\bin\java.exe -Dmaven.ext.class.path=C:\Program Files\NetBeans-12.6\netbeans\java\maven-nblib\netbeans-eventspy.jar -Dfile.encoding=UTF-8 org.codehaus.mojo:exec-maven-plugin:3.0.0:exec

Host: Intel(R) Core(TM) i7-6600U CPU @ 2.60GHz, 4 cores, 15G,  Windows 10 , 64 bit Build 19041 (10.0.19041.1348)
Time: Fri Jan 14 10:27:09 2022 Morocco Summer Time elapsed time: 2.328358 seconds (0d 0h 0m 2s)

---------------  T H R E A D  ---------------

Current thread (0x000001a5a95c6580):  JavaThread "C2 CompilerThread1" daemon [_thread_in_native, id=5460, stack(0x0000008c3da00000,0x0000008c3db00000)]


Current CompileTask:
C2:   2328 1804   !   4       java.net.URL::<init> (543 bytes)

Stack: [0x0000008c3da00000,0x0000008c3db00000]
Native frames: (J=compiled Java code, j=interpreted, Vv=VM code, C=native code)
V  [jvm.dll+0x6687ca]
V  [jvm.dll+0x7ca3c9]
V  [jvm.dll+0x7cbb53]
V  [jvm.dll+0x7cc1b3]
V  [jvm.dll+0x242ea5]
V  [jvm.dll+0xadeca]
V  [jvm.dll+0xae5ac]
V  [jvm.dll+0x35aed2]
V  [jvm.dll+0x3253d1]
V  [jvm.dll+0x32487a]
V  [jvm.dll+0x215f3c]
V  [jvm.dll+0x215350]
V  [jvm.dll+0x1a1d9b]
V  [jvm.dll+0x2253a8]
V  [jvm.dll+0x2233ec]
V  [jvm.dll+0x780002]
V  [jvm.dll+0x779b4a]
V  [jvm.dll+0x667666]
C  [ucrtbase.dll+0x21bb2]
C  [KERNEL32.DLL+0x17034]
C  [ntdll.dll+0x52651]


---------------  P R O C E S S  ---------------

Threads class SMR info:
_java_thread_list=0x000001a5a95231e0, length=13, elements={
0x000001a586650850, 0x000001a5a89fc440, 0x000001a5a89fd9b0, 0x000001a5a8a10210,
0x000001a5a8a10d20, 0x000001a5a8a13de0, 0x000001a5a8a14e90, 0x000001a5a8a22090,
0x000001a5a8a26aa0, 0x000001a5a8a34020, 0x000001a5a9501d70, 0x000001a5a95031b0,
0x000001a5a95c6580
}

Java Threads: ( => current thread )
  0x000001a586650850 JavaThread "main" [_thread_in_vm, id=1860, stack(0x0000008c3c700000,0x0000008c3c800000)]
  0x000001a5a89fc440 JavaThread "Reference Handler" daemon [_thread_blocked, id=19916, stack(0x0000008c3ce00000,0x0000008c3cf00000)]
  0x000001a5a89fd9b0 JavaThread "Finalizer" daemon [_thread_blocked, id=16668, stack(0x0000008c3cf00000,0x0000008c3d000000)]
  0x000001a5a8a10210 JavaThread "Signal Dispatcher" daemon [_thread_blocked, id=11056, stack(0x0000008c3d000000,0x0000008c3d100000)]
  0x000001a5a8a10d20 JavaThread "Attach Listener" daemon [_thread_blocked, id=16836, stack(0x0000008c3d100000,0x0000008c3d200000)]
  0x000001a5a8a13de0 JavaThread "Service Thread" daemon [_thread_blocked, id=20376, stack(0x0000008c3d200000,0x0000008c3d300000)]
  0x000001a5a8a14e90 JavaThread "Monitor Deflation Thread" daemon [_thread_blocked, id=20520, stack(0x0000008c3d300000,0x0000008c3d400000)]
  0x000001a5a8a22090 JavaThread "C2 CompilerThread0" daemon [_thread_in_native, id=18028, stack(0x0000008c3d400000,0x0000008c3d500000)]
  0x000001a5a8a26aa0 JavaThread "C1 CompilerThread0" daemon [_thread_in_native, id=3472, stack(0x0000008c3d500000,0x0000008c3d600000)]
  0x000001a5a8a34020 JavaThread "Sweeper thread" daemon [_thread_blocked, id=14644, stack(0x0000008c3d600000,0x0000008c3d700000)]
  0x000001a5a9501d70 JavaThread "Notification Thread" daemon [_thread_blocked, id=21300, stack(0x0000008c3d700000,0x0000008c3d800000)]
  0x000001a5a95031b0 JavaThread "Common-Cleaner" daemon [_thread_blocked, id=20932, stack(0x0000008c3d900000,0x0000008c3da00000)]
=>0x000001a5a95c6580 JavaThread "C2 CompilerThread1" daemon [_thread_in_native, id=5460, stack(0x0000008c3da00000,0x0000008c3db00000)]

Other Threads:
  0x000001a5a89f9150 VMThread "VM Thread" [stack: 0x0000008c3cd00000,0x0000008c3ce00000] [id=2068]
  0x000001a5a95026a0 WatcherThread [stack: 0x0000008c3d800000,0x0000008c3d900000] [id=10932]
  0x000001a5866a01d0 GCTaskThread "GC Thread#0" [stack: 0x0000008c3c800000,0x0000008c3c900000] [id=17524]
  0x000001a5aa267ad0 GCTaskThread "GC Thread#1" [stack: 0x0000008c3db00000,0x0000008c3dc00000] [id=19076]
  0x000001a5aa267de0 GCTaskThread "GC Thread#2" [stack: 0x0000008c3dc00000,0x0000008c3dd00000] [id=11260]
  0x000001a5aa2680f0 GCTaskThread "GC Thread#3" [stack: 0x0000008c3dd00000,0x0000008c3de00000] [id=12476]
  0x000001a5866b0fe0 ConcurrentGCThread "G1 Main Marker" [stack: 0x0000008c3c900000,0x0000008c3ca00000] [id=19428]
  0x000001a5866b2100 ConcurrentGCThread "G1 Conc#0" [stack: 0x0000008c3ca00000,0x0000008c3cb00000] [id=7780]
  0x000001a586717720 ConcurrentGCThread "G1 Refine#0" [stack: 0x0000008c3cb00000,0x0000008c3cc00000] [id=7468]
  0x000001a5a88c2620 ConcurrentGCThread "G1 Service" [stack: 0x0000008c3cc00000,0x0000008c3cd00000] [id=4316]

Threads with active compile tasks:
C2 CompilerThread0     2380 2015   !   4       sun.nio.cs.StreamDecoder::read (196 bytes)
C2 CompilerThread1     2380 1804   !   4       java.net.URL::<init> (543 bytes)

VM state: not at safepoint (normal execution)

VM Mutex/Monitor currently owned by a thread: None

Heap address: 0x0000000701400000, size: 4076 MB, Compressed Oops mode: Zero based, Oop shift amount: 3

CDS archive(s) mapped at: [0x0000000800000000-0x0000000800bb0000-0x0000000800bb0000), size 12255232, SharedBaseAddress: 0x0000000800000000, ArchiveRelocationMode: 0.
Compressed class space mapped at: 0x0000000800c00000-0x0000000840c00000, reserved size: 1073741824
Narrow klass base: 0x0000000800000000, Narrow klass shift: 3, Narrow klass range: 0x100000000

GC Precious Log:
 CPUs: 4 total, 4 available
 Memory: 16301M
 Large Page Support: Disabled
 NUMA Support: Disabled
 Compressed Oops: Enabled (Zero based)
 Heap Region Size: 2M
 Heap Min Capacity: 8M
 Heap Initial Capacity: 256M
 Heap Max Capacity: 4076M
 Pre-touch: Disabled
 Parallel Workers: 4
 Concurrent Workers: 1
 Concurrent Refinement Workers: 4
 Periodic GC: Disabled

Heap:
 garbage-first heap   total 262144K, used 17106K [0x0000000701400000, 0x0000000800000000)
  region size 2048K, 8 young (16384K), 1 survivors (2048K)
 Metaspace       used 11204K, committed 11392K, reserved 1064960K
  class space    used 1326K, committed 1408K, reserved 1048576K

Heap Regions: E=young(eden), S=young(survivor), O=old, HS=humongous(starts), HC=humongous(continues), CS=collection set, F=free, OA=open archive, CA=closed archive, TAMS=top-at-mark-start (previous, next)
|   0|0x0000000701400000, 0x0000000701600000, 0x0000000701600000|100%| O|  |TAMS 0x0000000701400000, 0x0000000701400000| Untracked 
|   1|0x0000000701600000, 0x000000070170a200, 0x0000000701800000| 51%| O|  |TAMS 0x0000000701600000, 0x0000000701600000| Untracked 
|   2|0x0000000701800000, 0x0000000701800000, 0x0000000701a00000|  0%| F|  |TAMS 0x0000000701800000, 0x0000000701800000| Untracked 
|   3|0x0000000701a00000, 0x0000000701a00000, 0x0000000701c00000|  0%| F|  |TAMS 0x0000000701a00000, 0x0000000701a00000| Untracked 
|   4|0x0000000701c00000, 0x0000000701c00000, 0x0000000701e00000|  0%| F|  |TAMS 0x0000000701c00000, 0x0000000701c00000| Untracked 
|   5|0x0000000701e00000, 0x0000000701e00000, 0x0000000702000000|  0%| F|  |TAMS 0x0000000701e00000, 0x0000000701e00000| Untracked 
|   6|0x0000000702000000, 0x0000000702000000, 0x0000000702200000|  0%| F|  |TAMS 0x0000000702000000, 0x0000000702000000| Untracked 
|   7|0x0000000702200000, 0x0000000702200000, 0x0000000702400000|  0%| F|  |TAMS 0x0000000702200000, 0x0000000702200000| Untracked 
|   8|0x0000000702400000, 0x0000000702400000, 0x0000000702600000|  0%| F|  |TAMS 0x0000000702400000, 0x0000000702400000| Untracked 
|   9|0x0000000702600000, 0x0000000702600000, 0x0000000702800000|  0%| F|  |TAMS 0x0000000702600000, 0x0000000702600000| Untracked 
|  10|0x0000000702800000, 0x0000000702800000, 0x0000000702a00000|  0%| F|  |TAMS 0x0000000702800000, 0x0000000702800000| Untracked 
|  11|0x0000000702a00000, 0x0000000702a00000, 0x0000000702c00000|  0%| F|  |TAMS 0x0000000702a00000, 0x0000000702a00000| Untracked 
|  12|0x0000000702c00000, 0x0000000702c00000, 0x0000000702e00000|  0%| F|  |TAMS 0x0000000702c00000, 0x0000000702c00000| Untracked 
|  13|0x0000000702e00000, 0x0000000702e00000, 0x0000000703000000|  0%| F|  |TAMS 0x0000000702e00000, 0x0000000702e00000| Untracked 
|  14|0x0000000703000000, 0x0000000703000000, 0x0000000703200000|  0%| F|  |TAMS 0x0000000703000000, 0x0000000703000000| Untracked 
|  15|0x0000000703200000, 0x0000000703200000, 0x0000000703400000|  0%| F|  |TAMS 0x0000000703200000, 0x0000000703200000| Untracked 
|  16|0x0000000703400000, 0x0000000703400000, 0x0000000703600000|  0%| F|  |TAMS 0x0000000703400000, 0x0000000703400000| Untracked 
|  17|0x0000000703600000, 0x0000000703600000, 0x0000000703800000|  0%| F|  |TAMS 0x0000000703600000, 0x0000000703600000| Untracked 
|  18|0x0000000703800000, 0x0000000703800000, 0x0000000703a00000|  0%| F|  |TAMS 0x0000000703800000, 0x0000000703800000| Untracked 
|  19|0x0000000703a00000, 0x0000000703a00000, 0x0000000703c00000|  0%| F|  |TAMS 0x0000000703a00000, 0x0000000703a00000| Untracked 
|  20|0x0000000703c00000, 0x0000000703c00000, 0x0000000703e00000|  0%| F|  |TAMS 0x0000000703c00000, 0x0000000703c00000| Untracked 
|  21|0x0000000703e00000, 0x0000000703e00000, 0x0000000704000000|  0%| F|  |TAMS 0x0000000703e00000, 0x0000000703e00000| Untracked 
|  22|0x0000000704000000, 0x0000000704000000, 0x0000000704200000|  0%| F|  |TAMS 0x0000000704000000, 0x0000000704000000| Untracked 
|  23|0x0000000704200000, 0x0000000704200000, 0x0000000704400000|  0%| F|  |TAMS 0x0000000704200000, 0x0000000704200000| Untracked 
|  24|0x0000000704400000, 0x0000000704400000, 0x0000000704600000|  0%| F|  |TAMS 0x0000000704400000, 0x0000000704400000| Untracked 
|  25|0x0000000704600000, 0x0000000704600000, 0x0000000704800000|  0%| F|  |TAMS 0x0000000704600000, 0x0000000704600000| Untracked 
|  26|0x0000000704800000, 0x0000000704800000, 0x0000000704a00000|  0%| F|  |TAMS 0x0000000704800000, 0x0000000704800000| Untracked 
|  27|0x0000000704a00000, 0x0000000704a00000, 0x0000000704c00000|  0%| F|  |TAMS 0x0000000704a00000, 0x0000000704a00000| Untracked 
|  28|0x0000000704c00000, 0x0000000704c00000, 0x0000000704e00000|  0%| F|  |TAMS 0x0000000704c00000, 0x0000000704c00000| Untracked 
|  29|0x0000000704e00000, 0x0000000704e00000, 0x0000000705000000|  0%| F|  |TAMS 0x0000000704e00000, 0x0000000704e00000| Untracked 
|  30|0x0000000705000000, 0x0000000705000000, 0x0000000705200000|  0%| F|  |TAMS 0x0000000705000000, 0x0000000705000000| Untracked 
|  31|0x0000000705200000, 0x0000000705200000, 0x0000000705400000|  0%| F|  |TAMS 0x0000000705200000, 0x0000000705200000| Untracked 
|  32|0x0000000705400000, 0x0000000705400000, 0x0000000705600000|  0%| F|  |TAMS 0x0000000705400000, 0x0000000705400000| Untracked 
|  33|0x0000000705600000, 0x0000000705600000, 0x0000000705800000|  0%| F|  |TAMS 0x0000000705600000, 0x0000000705600000| Untracked 
|  34|0x0000000705800000, 0x0000000705800000, 0x0000000705a00000|  0%| F|  |TAMS 0x0000000705800000, 0x0000000705800000| Untracked 
|  35|0x0000000705a00000, 0x0000000705a00000, 0x0000000705c00000|  0%| F|  |TAMS 0x0000000705a00000, 0x0000000705a00000| Untracked 
|  36|0x0000000705c00000, 0x0000000705c00000, 0x0000000705e00000|  0%| F|  |TAMS 0x0000000705c00000, 0x0000000705c00000| Untracked 
|  37|0x0000000705e00000, 0x0000000705e00000, 0x0000000706000000|  0%| F|  |TAMS 0x0000000705e00000, 0x0000000705e00000| Untracked 
|  38|0x0000000706000000, 0x0000000706000000, 0x0000000706200000|  0%| F|  |TAMS 0x0000000706000000, 0x0000000706000000| Untracked 
|  39|0x0000000706200000, 0x0000000706200000, 0x0000000706400000|  0%| F|  |TAMS 0x0000000706200000, 0x0000000706200000| Untracked 
|  40|0x0000000706400000, 0x0000000706400000, 0x0000000706600000|  0%| F|  |TAMS 0x0000000706400000, 0x0000000706400000| Untracked 
|  41|0x0000000706600000, 0x0000000706600000, 0x0000000706800000|  0%| F|  |TAMS 0x0000000706600000, 0x0000000706600000| Untracked 
|  42|0x0000000706800000, 0x0000000706800000, 0x0000000706a00000|  0%| F|  |TAMS 0x0000000706800000, 0x0000000706800000| Untracked 
|  43|0x0000000706a00000, 0x0000000706a00000, 0x0000000706c00000|  0%| F|  |TAMS 0x0000000706a00000, 0x0000000706a00000| Untracked 
|  44|0x0000000706c00000, 0x0000000706c00000, 0x0000000706e00000|  0%| F|  |TAMS 0x0000000706c00000, 0x0000000706c00000| Untracked 
|  45|0x0000000706e00000, 0x0000000706e00000, 0x0000000707000000|  0%| F|  |TAMS 0x0000000706e00000, 0x0000000706e00000| Untracked 
|  46|0x0000000707000000, 0x0000000707000000, 0x0000000707200000|  0%| F|  |TAMS 0x0000000707000000, 0x0000000707000000| Untracked 
|  47|0x0000000707200000, 0x0000000707200000, 0x0000000707400000|  0%| F|  |TAMS 0x0000000707200000, 0x0000000707200000| Untracked 
|  48|0x0000000707400000, 0x0000000707400000, 0x0000000707600000|  0%| F|  |TAMS 0x0000000707400000, 0x0000000707400000| Untracked 
|  49|0x0000000707600000, 0x0000000707600000, 0x0000000707800000|  0%| F|  |TAMS 0x0000000707600000, 0x0000000707600000| Untracked 
|  50|0x0000000707800000, 0x0000000707800000, 0x0000000707a00000|  0%| F|  |TAMS 0x0000000707800000, 0x0000000707800000| Untracked 
|  51|0x0000000707a00000, 0x0000000707a00000, 0x0000000707c00000|  0%| F|  |TAMS 0x0000000707a00000, 0x0000000707a00000| Untracked 
|  52|0x0000000707c00000, 0x0000000707c00000, 0x0000000707e00000|  0%| F|  |TAMS 0x0000000707c00000, 0x0000000707c00000| Untracked 
|  53|0x0000000707e00000, 0x0000000707e00000, 0x0000000708000000|  0%| F|  |TAMS 0x0000000707e00000, 0x0000000707e00000| Untracked 
|  54|0x0000000708000000, 0x0000000708000000, 0x0000000708200000|  0%| F|  |TAMS 0x0000000708000000, 0x0000000708000000| Untracked 
|  55|0x0000000708200000, 0x0000000708200000, 0x0000000708400000|  0%| F|  |TAMS 0x0000000708200000, 0x0000000708200000| Untracked 
|  56|0x0000000708400000, 0x0000000708400000, 0x0000000708600000|  0%| F|  |TAMS 0x0000000708400000, 0x0000000708400000| Untracked 
|  57|0x0000000708600000, 0x0000000708600000, 0x0000000708800000|  0%| F|  |TAMS 0x0000000708600000, 0x0000000708600000| Untracked 
|  58|0x0000000708800000, 0x0000000708800000, 0x0000000708a00000|  0%| F|  |TAMS 0x0000000708800000, 0x0000000708800000| Untracked 
|  59|0x0000000708a00000, 0x0000000708a00000, 0x0000000708c00000|  0%| F|  |TAMS 0x0000000708a00000, 0x0000000708a00000| Untracked 
|  60|0x0000000708c00000, 0x0000000708c00000, 0x0000000708e00000|  0%| F|  |TAMS 0x0000000708c00000, 0x0000000708c00000| Untracked 
|  61|0x0000000708e00000, 0x0000000708e00000, 0x0000000709000000|  0%| F|  |TAMS 0x0000000708e00000, 0x0000000708e00000| Untracked 
|  62|0x0000000709000000, 0x0000000709000000, 0x0000000709200000|  0%| F|  |TAMS 0x0000000709000000, 0x0000000709000000| Untracked 
|  63|0x0000000709200000, 0x0000000709200000, 0x0000000709400000|  0%| F|  |TAMS 0x0000000709200000, 0x0000000709200000| Untracked 
|  64|0x0000000709400000, 0x0000000709400000, 0x0000000709600000|  0%| F|  |TAMS 0x0000000709400000, 0x0000000709400000| Untracked 
|  65|0x0000000709600000, 0x0000000709600000, 0x0000000709800000|  0%| F|  |TAMS 0x0000000709600000, 0x0000000709600000| Untracked 
|  66|0x0000000709800000, 0x0000000709800000, 0x0000000709a00000|  0%| F|  |TAMS 0x0000000709800000, 0x0000000709800000| Untracked 
|  67|0x0000000709a00000, 0x0000000709a00000, 0x0000000709c00000|  0%| F|  |TAMS 0x0000000709a00000, 0x0000000709a00000| Untracked 
|  68|0x0000000709c00000, 0x0000000709c00000, 0x0000000709e00000|  0%| F|  |TAMS 0x0000000709c00000, 0x0000000709c00000| Untracked 
|  69|0x0000000709e00000, 0x0000000709e00000, 0x000000070a000000|  0%| F|  |TAMS 0x0000000709e00000, 0x0000000709e00000| Untracked 
|  70|0x000000070a000000, 0x000000070a000000, 0x000000070a200000|  0%| F|  |TAMS 0x000000070a000000, 0x000000070a000000| Untracked 
|  71|0x000000070a200000, 0x000000070a200000, 0x000000070a400000|  0%| F|  |TAMS 0x000000070a200000, 0x000000070a200000| Untracked 
|  72|0x000000070a400000, 0x000000070a400000, 0x000000070a600000|  0%| F|  |TAMS 0x000000070a400000, 0x000000070a400000| Untracked 
|  73|0x000000070a600000, 0x000000070a600000, 0x000000070a800000|  0%| F|  |TAMS 0x000000070a600000, 0x000000070a600000| Untracked 
|  74|0x000000070a800000, 0x000000070a800000, 0x000000070aa00000|  0%| F|  |TAMS 0x000000070a800000, 0x000000070a800000| Untracked 
|  75|0x000000070aa00000, 0x000000070aa00000, 0x000000070ac00000|  0%| F|  |TAMS 0x000000070aa00000, 0x000000070aa00000| Untracked 
|  76|0x000000070ac00000, 0x000000070ac00000, 0x000000070ae00000|  0%| F|  |TAMS 0x000000070ac00000, 0x000000070ac00000| Untracked 
|  77|0x000000070ae00000, 0x000000070ae00000, 0x000000070b000000|  0%| F|  |TAMS 0x000000070ae00000, 0x000000070ae00000| Untracked 
|  78|0x000000070b000000, 0x000000070b000000, 0x000000070b200000|  0%| F|  |TAMS 0x000000070b000000, 0x000000070b000000| Untracked 
|  79|0x000000070b200000, 0x000000070b200000, 0x000000070b400000|  0%| F|  |TAMS 0x000000070b200000, 0x000000070b200000| Untracked 
|  80|0x000000070b400000, 0x000000070b400000, 0x000000070b600000|  0%| F|  |TAMS 0x000000070b400000, 0x000000070b400000| Untracked 
|  81|0x000000070b600000, 0x000000070b600000, 0x000000070b800000|  0%| F|  |TAMS 0x000000070b600000, 0x000000070b600000| Untracked 
|  82|0x000000070b800000, 0x000000070b800000, 0x000000070ba00000|  0%| F|  |TAMS 0x000000070b800000, 0x000000070b800000| Untracked 
|  83|0x000000070ba00000, 0x000000070ba00000, 0x000000070bc00000|  0%| F|  |TAMS 0x000000070ba00000, 0x000000070ba00000| Untracked 
|  84|0x000000070bc00000, 0x000000070bc00000, 0x000000070be00000|  0%| F|  |TAMS 0x000000070bc00000, 0x000000070bc00000| Untracked 
|  85|0x000000070be00000, 0x000000070be00000, 0x000000070c000000|  0%| F|  |TAMS 0x000000070be00000, 0x000000070be00000| Untracked 
|  86|0x000000070c000000, 0x000000070c000000, 0x000000070c200000|  0%| F|  |TAMS 0x000000070c000000, 0x000000070c000000| Untracked 
|  87|0x000000070c200000, 0x000000070c200000, 0x000000070c400000|  0%| F|  |TAMS 0x000000070c200000, 0x000000070c200000| Untracked 
|  88|0x000000070c400000, 0x000000070c400000, 0x000000070c600000|  0%| F|  |TAMS 0x000000070c400000, 0x000000070c400000| Untracked 
|  89|0x000000070c600000, 0x000000070c600000, 0x000000070c800000|  0%| F|  |TAMS 0x000000070c600000, 0x000000070c600000| Untracked 
|  90|0x000000070c800000, 0x000000070c800000, 0x000000070ca00000|  0%| F|  |TAMS 0x000000070c800000, 0x000000070c800000| Untracked 
|  91|0x000000070ca00000, 0x000000070ca00000, 0x000000070cc00000|  0%| F|  |TAMS 0x000000070ca00000, 0x000000070ca00000| Untracked 
|  92|0x000000070cc00000, 0x000000070cc00000, 0x000000070ce00000|  0%| F|  |TAMS 0x000000070cc00000, 0x000000070cc00000| Untracked 
|  93|0x000000070ce00000, 0x000000070ce00000, 0x000000070d000000|  0%| F|  |TAMS 0x000000070ce00000, 0x000000070ce00000| Untracked 
|  94|0x000000070d000000, 0x000000070d000000, 0x000000070d200000|  0%| F|  |TAMS 0x000000070d000000, 0x000000070d000000| Untracked 
|  95|0x000000070d200000, 0x000000070d200000, 0x000000070d400000|  0%| F|  |TAMS 0x000000070d200000, 0x000000070d200000| Untracked 
|  96|0x000000070d400000, 0x000000070d400000, 0x000000070d600000|  0%| F|  |TAMS 0x000000070d400000, 0x000000070d400000| Untracked 
|  97|0x000000070d600000, 0x000000070d600000, 0x000000070d800000|  0%| F|  |TAMS 0x000000070d600000, 0x000000070d600000| Untracked 
|  98|0x000000070d800000, 0x000000070d800000, 0x000000070da00000|  0%| F|  |TAMS 0x000000070d800000, 0x000000070d800000| Untracked 
|  99|0x000000070da00000, 0x000000070da00000, 0x000000070dc00000|  0%| F|  |TAMS 0x000000070da00000, 0x000000070da00000| Untracked 
| 100|0x000000070dc00000, 0x000000070dc00000, 0x000000070de00000|  0%| F|  |TAMS 0x000000070dc00000, 0x000000070dc00000| Untracked 
| 101|0x000000070de00000, 0x000000070de00000, 0x000000070e000000|  0%| F|  |TAMS 0x000000070de00000, 0x000000070de00000| Untracked 
| 102|0x000000070e000000, 0x000000070e000000, 0x000000070e200000|  0%| F|  |TAMS 0x000000070e000000, 0x000000070e000000| Untracked 
| 103|0x000000070e200000, 0x000000070e200000, 0x000000070e400000|  0%| F|  |TAMS 0x000000070e200000, 0x000000070e200000| Untracked 
| 104|0x000000070e400000, 0x000000070e400000, 0x000000070e600000|  0%| F|  |TAMS 0x000000070e400000, 0x000000070e400000| Untracked 
| 105|0x000000070e600000, 0x000000070e600000, 0x000000070e800000|  0%| F|  |TAMS 0x000000070e600000, 0x000000070e600000| Untracked 
| 106|0x000000070e800000, 0x000000070e800000, 0x000000070ea00000|  0%| F|  |TAMS 0x000000070e800000, 0x000000070e800000| Untracked 
| 107|0x000000070ea00000, 0x000000070ea00000, 0x000000070ec00000|  0%| F|  |TAMS 0x000000070ea00000, 0x000000070ea00000| Untracked 
| 108|0x000000070ec00000, 0x000000070ec00000, 0x000000070ee00000|  0%| F|  |TAMS 0x000000070ec00000, 0x000000070ec00000| Untracked 
| 109|0x000000070ee00000, 0x000000070ee00000, 0x000000070f000000|  0%| F|  |TAMS 0x000000070ee00000, 0x000000070ee00000| Untracked 
| 110|0x000000070f000000, 0x000000070f000000, 0x000000070f200000|  0%| F|  |TAMS 0x000000070f000000, 0x000000070f000000| Untracked 
| 111|0x000000070f200000, 0x000000070f200000, 0x000000070f400000|  0%| F|  |TAMS 0x000000070f200000, 0x000000070f200000| Untracked 
| 112|0x000000070f400000, 0x000000070f400000, 0x000000070f600000|  0%| F|  |TAMS 0x000000070f400000, 0x000000070f400000| Untracked 
| 113|0x000000070f600000, 0x000000070f7aa7d0, 0x000000070f800000| 83%| S|CS|TAMS 0x000000070f600000, 0x000000070f600000| Complete 
| 114|0x000000070f800000, 0x000000070f800000, 0x000000070fa00000|  0%| F|  |TAMS 0x000000070f800000, 0x000000070f800000| Untracked 
| 115|0x000000070fa00000, 0x000000070fa00000, 0x000000070fc00000|  0%| F|  |TAMS 0x000000070fa00000, 0x000000070fa00000| Untracked 
| 116|0x000000070fc00000, 0x000000070fc00000, 0x000000070fe00000|  0%| F|  |TAMS 0x000000070fc00000, 0x000000070fc00000| Untracked 
| 117|0x000000070fe00000, 0x000000070fe00000, 0x0000000710000000|  0%| F|  |TAMS 0x000000070fe00000, 0x000000070fe00000| Untracked 
| 118|0x0000000710000000, 0x0000000710000000, 0x0000000710200000|  0%| F|  |TAMS 0x0000000710000000, 0x0000000710000000| Untracked 
| 119|0x0000000710200000, 0x0000000710200000, 0x0000000710400000|  0%| F|  |TAMS 0x0000000710200000, 0x0000000710200000| Untracked 
| 120|0x0000000710400000, 0x0000000710400000, 0x0000000710600000|  0%| F|  |TAMS 0x0000000710400000, 0x0000000710400000| Untracked 
| 121|0x0000000710600000, 0x0000000710800000, 0x0000000710800000|100%| E|  |TAMS 0x0000000710600000, 0x0000000710600000| Complete 
| 122|0x0000000710800000, 0x0000000710a00000, 0x0000000710a00000|100%| E|CS|TAMS 0x0000000710800000, 0x0000000710800000| Complete 
| 123|0x0000000710a00000, 0x0000000710c00000, 0x0000000710c00000|100%| E|CS|TAMS 0x0000000710a00000, 0x0000000710a00000| Complete 
| 124|0x0000000710c00000, 0x0000000710e00000, 0x0000000710e00000|100%| E|CS|TAMS 0x0000000710c00000, 0x0000000710c00000| Complete 
| 125|0x0000000710e00000, 0x0000000711000000, 0x0000000711000000|100%| E|CS|TAMS 0x0000000710e00000, 0x0000000710e00000| Complete 
| 126|0x0000000711000000, 0x0000000711200000, 0x0000000711200000|100%| E|CS|TAMS 0x0000000711000000, 0x0000000711000000| Complete 
| 127|0x0000000711200000, 0x0000000711400000, 0x0000000711400000|100%| E|CS|TAMS 0x0000000711200000, 0x0000000711200000| Complete 

Card table byte_map: [0x000001a59d5d0000,0x000001a59ddd0000] _byte_map_base: 0x000001a599dc6000

Marking Bits (Prev, Next): (CMBitMap*) 0x000001a5866a0750, (CMBitMap*) 0x000001a5866a0790
 Prev Bits: [0x000001a59e5d0000, 0x000001a5a2580000)
 Next Bits: [0x000001a5a2580000, 0x000001a5a6530000)

Polling page: 0x000001a584620000

Metaspace:

Usage:
  Non-class:      9.68 MB used.
      Class:      1.30 MB used.
       Both:     10.98 MB used.

Virtual space:
  Non-class space:       16.00 MB reserved,       9.81 MB ( 61%) committed,  2 nodes.
      Class space:        1.00 GB reserved,       1.38 MB ( <1%) committed,  1 nodes.
              Both:        1.02 GB reserved,      11.19 MB (  1%) committed. 

Chunk freelists:
   Non-Class:  864.00 KB
       Class:  2.63 MB
        Both:  3.47 MB

MaxMetaspaceSize: 17179869184.00 GB
CompressedClassSpaceSize: 1.00 GB
 - commit_granule_bytes: 65536.
 - commit_granule_words: 8192.
 - virtual_space_node_default_size: 1048576.
 - enlarge_chunks_in_place: 1.
 - new_chunks_are_fully_committed: 0.
 - uncommit_free_chunks: 1.
 - use_allocation_guard: 0.
 - handle_deallocations: 1.


Internal statistics:

num_allocs_failed_limit: 0.
num_arena_births: 58.
num_arena_deaths: 0.
num_vsnodes_births: 3.
num_vsnodes_deaths: 0.
num_space_committed: 179.
num_space_uncommitted: 0.
num_chunks_returned_to_freelist: 0.
num_chunks_taken_from_freelist: 430.
num_chunk_merges: 0.
num_chunk_splits: 313.
num_chunks_enlarged: 251.
num_purges: 0.

CodeHeap 'non-profiled nmethods': size=120000Kb used=770Kb max_used=770Kb free=119229Kb
 bounds [0x000001a5958a0000, 0x000001a595b10000, 0x000001a59cdd0000]
CodeHeap 'profiled nmethods': size=120000Kb used=3922Kb max_used=3922Kb free=116077Kb
 bounds [0x000001a58e370000, 0x000001a58e750000, 0x000001a5958a0000]
CodeHeap 'non-nmethods': size=5760Kb used=1180Kb max_used=1205Kb free=4579Kb
 bounds [0x000001a58ddd0000, 0x000001a58e040000, 0x000001a58e370000]
 total_blobs=2486 nmethods=2022 adapters=376
 compilation: enabled
              stopped_count=0, restarted_count=0
 full_count=0

Compilation events (20 events):
Event: 2.312 Thread 0x000001a5a8a26aa0 2002       3       org.eclipse.sisu.wire.BeanProviders$1::get (25 bytes)
Event: 2.312 Thread 0x000001a5a8a26aa0 nmethod 2002 0x000001a58e73b810 code [0x000001a58e73b9e0, 0x000001a58e73bd78]
Event: 2.312 Thread 0x000001a5a8a26aa0 1984       3       java.lang.reflect.Field::setFieldAccessor (34 bytes)
Event: 2.313 Thread 0x000001a5a8a26aa0 nmethod 1984 0x000001a58e73bf10 code [0x000001a58e73c0e0, 0x000001a58e73c548]
Event: 2.313 Thread 0x000001a5a8a26aa0 2003       3       java.util.concurrent.ConcurrentHashMap$EntryIterator::next (5 bytes)
Event: 2.313 Thread 0x000001a5a8a26aa0 nmethod 2003 0x000001a58e73c690 code [0x000001a58e73c840, 0x000001a58e73c988]
Event: 2.314 Thread 0x000001a5a8a26aa0 2004       3       java.util.concurrent.ConcurrentHashMap$EntryIterator::next (51 bytes)
Event: 2.314 Thread 0x000001a5a8a26aa0 nmethod 2004 0x000001a58e73ca10 code [0x000001a58e73cc00, 0x000001a58e73d138]
Event: 2.314 Thread 0x000001a5a8a26aa0 2005       3       java.util.concurrent.ConcurrentHashMap$MapEntry::<init> (20 bytes)
Event: 2.314 Thread 0x000001a5a8a26aa0 nmethod 2005 0x000001a58e73d310 code [0x000001a58e73d4c0, 0x000001a58e73d758]
Event: 2.318 Thread 0x000001a5a8a26aa0 2006       3       java.util.regex.Pattern$$Lambda$6/0x0000000800c4ed48::is (5 bytes)
Event: 2.318 Thread 0x000001a5a8a26aa0 nmethod 2006 0x000001a58e73d810 code [0x000001a58e73d9c0, 0x000001a58e73dc38]
Event: 2.318 Thread 0x000001a5a8a26aa0 2007       3       java.util.regex.Pattern::lambda$DOT$4 (34 bytes)
Event: 2.319 Thread 0x000001a5a8a26aa0 nmethod 2007 0x000001a58e73dd10 code [0x000001a58e73dec0, 0x000001a58e73e0b8]
Event: 2.319 Thread 0x000001a5a8a26aa0 2008       3       java.lang.String::toCharArray (25 bytes)
Event: 2.320 Thread 0x000001a5a8a26aa0 nmethod 2008 0x000001a58e73e190 code [0x000001a58e73e360, 0x000001a58e73e618]
Event: 2.320 Thread 0x000001a5a8a26aa0 2010       3       java.lang.StringUTF16::getChars (42 bytes)
Event: 2.320 Thread 0x000001a5a8a26aa0 nmethod 2010 0x000001a58e73e710 code [0x000001a58e73e8e0, 0x000001a58e73ec28]
Event: 2.320 Thread 0x000001a5a8a26aa0 2009       3       java.lang.StringLatin1::toChars (16 bytes)
Event: 2.320 Thread 0x000001a5a8a26aa0 nmethod 2009 0x000001a58e73ee10 code [0x000001a58e73efc0, 0x000001a58e73f1a8]

GC Heap History (6 events):
Event: 0.711 GC heap before
{Heap before GC invocations=0 (full 0):
 garbage-first heap   total 262144K, used 10240K [0x0000000701400000, 0x0000000800000000)
  region size 2048K, 6 young (12288K), 0 survivors (0K)
 Metaspace       used 3251K, committed 3392K, reserved 1056768K
  class space    used 313K, committed 384K, reserved 1048576K
}
Event: 0.716 GC heap after
{Heap after GC invocations=1 (full 0):
 garbage-first heap   total 262144K, used 3067K [0x0000000701400000, 0x0000000800000000)
  region size 2048K, 1 young (2048K), 1 survivors (2048K)
 Metaspace       used 3251K, committed 3392K, reserved 1056768K
  class space    used 313K, committed 384K, reserved 1048576K
}
Event: 0.984 GC heap before
{Heap before GC invocations=1 (full 0):
 garbage-first heap   total 262144K, used 11259K [0x0000000701400000, 0x0000000800000000)
  region size 2048K, 6 young (12288K), 1 survivors (2048K)
 Metaspace       used 4869K, committed 5056K, reserved 1056768K
  class space    used 548K, committed 640K, reserved 1048576K
}
Event: 0.987 GC heap after
{Heap after GC invocations=2 (full 0):
 garbage-first heap   total 262144K, used 3788K [0x0000000701400000, 0x0000000800000000)
  region size 2048K, 1 young (2048K), 1 survivors (2048K)
 Metaspace       used 4869K, committed 5056K, reserved 1056768K
  class space    used 548K, committed 640K, reserved 1048576K
}
Event: 1.839 GC heap before
{Heap before GC invocations=2 (full 0):
 garbage-first heap   total 262144K, used 30412K [0x0000000701400000, 0x0000000800000000)
  region size 2048K, 14 young (28672K), 1 survivors (2048K)
 Metaspace       used 8603K, committed 8768K, reserved 1064960K
  class space    used 1006K, committed 1088K, reserved 1048576K
}
Event: 1.842 GC heap after
{Heap after GC invocations=3 (full 0):
 garbage-first heap   total 262144K, used 4818K [0x0000000701400000, 0x0000000800000000)
  region size 2048K, 1 young (2048K), 1 survivors (2048K)
 Metaspace       used 8603K, committed 8768K, reserved 1064960K
  class space    used 1006K, committed 1088K, reserved 1048576K
}

Deoptimization events (20 events):
Event: 1.262 Thread 0x000001a586650850 Uncommon trap: trap_request=0xffffff45 fr.pc=0x000001a595910484 relative=0x00000000000004c4
Event: 1.262 Thread 0x000001a586650850 Uncommon trap: reason=unstable_if action=reinterpret pc=0x000001a595910484 method=java.lang.String.<init>([CIILjava/lang/Void;)V @ 5 c2
Event: 1.262 Thread 0x000001a586650850 DEOPT PACKING pc=0x000001a595910484 sp=0x0000008c3c7fd7d0
Event: 1.262 Thread 0x000001a586650850 DEOPT UNPACKING pc=0x000001a58de1d72e sp=0x0000008c3c7fd668 mode 2
Event: 1.340 Thread 0x000001a586650850 Uncommon trap: trap_request=0xffffff45 fr.pc=0x000001a5958f6ed4 relative=0x0000000000000334
Event: 1.340 Thread 0x000001a586650850 Uncommon trap: reason=unstable_if action=reinterpret pc=0x000001a5958f6ed4 method=java.lang.String.<init>([CIILjava/lang/Void;)V @ 5 c2
Event: 1.340 Thread 0x000001a586650850 DEOPT PACKING pc=0x000001a5958f6ed4 sp=0x0000008c3c7fd6f0
Event: 1.340 Thread 0x000001a586650850 DEOPT UNPACKING pc=0x000001a58de1d72e sp=0x0000008c3c7fd6b0 mode 2
Event: 2.204 Thread 0x000001a586650850 Uncommon trap: trap_request=0xffffff45 fr.pc=0x000001a595951d80 relative=0x0000000000000060
Event: 2.204 Thread 0x000001a586650850 Uncommon trap: reason=unstable_if action=reinterpret pc=0x000001a595951d80 method=java.lang.reflect.Modifier.isSynthetic(I)Z @ 5 c2
Event: 2.204 Thread 0x000001a586650850 DEOPT PACKING pc=0x000001a595951d80 sp=0x0000008c3c7f7d40
Event: 2.204 Thread 0x000001a586650850 DEOPT UNPACKING pc=0x000001a58de1d72e sp=0x0000008c3c7f7c10 mode 2
Event: 2.239 Thread 0x000001a586650850 Uncommon trap: trap_request=0xffffff45 fr.pc=0x000001a5958be178 relative=0x00000000000001d8
Event: 2.239 Thread 0x000001a586650850 Uncommon trap: reason=unstable_if action=reinterpret pc=0x000001a5958be178 method=java.lang.String.startsWith(Ljava/lang/String;I)Z @ 1 c2
Event: 2.239 Thread 0x000001a586650850 DEOPT PACKING pc=0x000001a5958be178 sp=0x0000008c3c7f6ce0
Event: 2.239 Thread 0x000001a586650850 DEOPT UNPACKING pc=0x000001a58de1d72e sp=0x0000008c3c7f6c48 mode 2
Event: 2.305 Thread 0x000001a586650850 Uncommon trap: trap_request=0xffffff45 fr.pc=0x000001a59595ec6c relative=0x00000000000001ac
Event: 2.305 Thread 0x000001a586650850 Uncommon trap: reason=unstable_if action=reinterpret pc=0x000001a59595ec6c method=org.eclipse.sisu.inject.InjectorBindings.isAssignableFrom(Lcom/google/inject/TypeLiteral;Lcom/google/inject/Binding;)Z @ 14 c2
Event: 2.305 Thread 0x000001a586650850 DEOPT PACKING pc=0x000001a59595ec6c sp=0x0000008c3c7fd200
Event: 2.305 Thread 0x000001a586650850 DEOPT UNPACKING pc=0x000001a58de1d72e sp=0x0000008c3c7fd1a0 mode 2

Classes unloaded (0 events):
No events

Classes redefined (0 events):
No events

Internal exceptions (6 events):
Event: 0.555 Thread 0x000001a586650850 Exception <a 'java/lang/NoSuchMethodError'{0x0000000710bc1150}: 'void java.lang.invoke.DirectMethodHandle$Holder.invokeSpecial(java.lang.Object, java.lang.Object, java.lang.Object)'> (0x0000000710bc1150) 
thrown [t:\workspace\open\src\hotspot\share\interpreter\linkResolver.cpp, line 790]
Event: 0.833 Thread 0x000001a586650850 Exception <a 'java/lang/NoSuchMethodError'{0x0000000711132e18}: 'java.lang.Object java.lang.invoke.DirectMethodHandle$Holder.newInvokeSpecial(java.lang.Object, java.lang.Object, java.lang.Object, java.lang.Object, java.lang.Object)'> (0x0000000711132e18) 
thrown [t:\workspace\open\src\hotspot\share\interpreter\linkResolver.cpp, line 790]
Event: 2.093 Thread 0x000001a586650850 Exception <a 'java/lang/NoClassDefFoundError'{0x0000000710d63e08}: com/google/inject/servlet/ServletModuleTargetVisitor> (0x0000000710d63e08) 
thrown [t:\workspace\open\src\hotspot\share\classfile\systemDictionary.cpp, line 245]
Event: 2.093 Thread 0x000001a586650850 Exception <a 'java/lang/NoClassDefFoundError'{0x0000000710d65c90}: javax/annotation/Priority> (0x0000000710d65c90) 
thrown [t:\workspace\open\src\hotspot\share\classfile\systemDictionary.cpp, line 245]
Event: 2.254 Thread 0x000001a586650850 Exception <a 'java/lang/NoSuchMethodError'{0x0000000710bc6c70}: 'java.lang.Object java.lang.invoke.DirectMethodHandle$Holder.invokeStatic(java.lang.Object)'> (0x0000000710bc6c70) 
thrown [t:\workspace\open\src\hotspot\share\interpreter\linkResolver.cpp, line 790]
Event: 2.257 Thread 0x000001a586650850 Exception <a 'java/lang/NoSuchMethodError'{0x0000000710bd1d78}: 'java.lang.Object java.lang.invoke.DirectMethodHandle$Holder.invokeStaticInit(java.lang.Object, int, int, int, int)'> (0x0000000710bd1d78) 
thrown [t:\workspace\open\src\hotspot\share\interpreter\linkResolver.cpp, line 790]

Events (20 events):
Event: 2.255 loading class java/security/DrbgParameters$Capability
Event: 2.255 loading class java/security/DrbgParameters$Capability done
Event: 2.255 loading class sun/security/provider/MoreDrbgParameters
Event: 2.255 loading class sun/security/provider/MoreDrbgParameters done
Event: 2.256 loading class java/security/DrbgParameters
Event: 2.256 loading class java/security/DrbgParameters done
Event: 2.256 loading class java/security/DrbgParameters$Instantiation
Event: 2.256 loading class java/security/DrbgParameters$Instantiation done
Event: 2.256 loading class sun/security/provider/HashDrbg
Event: 2.256 loading class sun/security/provider/AbstractHashDrbg
Event: 2.256 loading class sun/security/provider/AbstractDrbg
Event: 2.256 loading class sun/security/provider/AbstractDrbg done
Event: 2.256 loading class sun/security/provider/AbstractHashDrbg done
Event: 2.257 loading class sun/security/provider/HashDrbg done
Event: 2.257 loading class sun/security/provider/EntropySource
Event: 2.257 loading class sun/security/provider/EntropySource done
Event: 2.279 Executing  VM operation: HandshakeAllThreads
Event: 2.279 Executing  VM operation: HandshakeAllThreads done
Event: 2.298 Executing  VM operation: ICBufferFull
Event: 2.298 Executing  VM operation: ICBufferFull done


Dynamic libraries:
0x00007ff788df0000 - 0x00007ff788e00000 	C:\Program Files\Java\jdk-16.0.1\bin\java.exe
0x00007ffee6d10000 - 0x00007ffee6f05000 	C:\WINDOWS\SYSTEM32\ntdll.dll
0x00007ffee6ab0000 - 0x00007ffee6b6e000 	C:\WINDOWS\System32\KERNEL32.DLL
0x00007ffee4530000 - 0x00007ffee47f8000 	C:\WINDOWS\System32\KERNELBASE.dll
0x00007ffee4830000 - 0x00007ffee4930000 	C:\WINDOWS\System32\ucrtbase.dll
0x00007ffed5970000 - 0x00007ffed5989000 	C:\Program Files\Java\jdk-16.0.1\bin\VCRUNTIME140.dll
0x00007ffecfb50000 - 0x00007ffecfb68000 	C:\Program Files\Java\jdk-16.0.1\bin\jli.dll
0x00007ffee5d40000 - 0x00007ffee5dec000 	C:\WINDOWS\System32\ADVAPI32.dll
0x00007ffee6ba0000 - 0x00007ffee6c3e000 	C:\WINDOWS\System32\msvcrt.dll
0x00007ffee4d50000 - 0x00007ffee4deb000 	C:\WINDOWS\System32\sechost.dll
0x00007ffee6450000 - 0x00007ffee657a000 	C:\WINDOWS\System32\RPCRT4.dll
0x00007ffee67c0000 - 0x00007ffee6961000 	C:\WINDOWS\System32\USER32.dll
0x00007ffece240000 - 0x00007ffece4da000 	C:\WINDOWS\WinSxS\amd64_microsoft.windows.common-controls_6595b64144ccf1df_6.0.19041.1110_none_60b5254171f9507e\COMCTL32.dll
0x00007ffee4800000 - 0x00007ffee4822000 	C:\WINDOWS\System32\win32u.dll
0x00007ffee5df0000 - 0x00007ffee5e1b000 	C:\WINDOWS\System32\GDI32.dll
0x00007ffee4420000 - 0x00007ffee452d000 	C:\WINDOWS\System32\gdi32full.dll
0x00007ffee4b50000 - 0x00007ffee4bed000 	C:\WINDOWS\System32\msvcp_win.dll
0x00007ffed6f20000 - 0x00007ffed6f2a000 	C:\WINDOWS\SYSTEM32\VERSION.dll
0x00007ffee5540000 - 0x00007ffee5570000 	C:\WINDOWS\System32\IMM32.DLL
0x00007ffed6af0000 - 0x00007ffed6afc000 	C:\Program Files\Java\jdk-16.0.1\bin\vcruntime140_1.dll
0x00007ffe96b40000 - 0x00007ffe96bd1000 	C:\Program Files\Java\jdk-16.0.1\bin\msvcp140.dll
0x00007ffe537b0000 - 0x00007ffe5435b000 	C:\Program Files\Java\jdk-16.0.1\bin\server\jvm.dll
0x00007ffee6b70000 - 0x00007ffee6b78000 	C:\WINDOWS\System32\PSAPI.DLL
0x00007ffecd360000 - 0x00007ffecd369000 	C:\WINDOWS\SYSTEM32\WSOCK32.dll
0x00007ffece4e0000 - 0x00007ffece507000 	C:\WINDOWS\SYSTEM32\WINMM.dll
0x00007ffee5e20000 - 0x00007ffee5e8b000 	C:\WINDOWS\System32\WS2_32.dll
0x00007ffee22b0000 - 0x00007ffee22c2000 	C:\WINDOWS\SYSTEM32\kernel.appcore.dll
0x00007ffed4380000 - 0x00007ffed438a000 	C:\Program Files\Java\jdk-16.0.1\bin\jimage.dll
0x00007ffedf820000 - 0x00007ffedfa04000 	C:\WINDOWS\SYSTEM32\DBGHELP.DLL
0x00007ffeb8a80000 - 0x00007ffeb8aac000 	C:\WINDOWS\SYSTEM32\dbgcore.DLL
0x00007ffee49b0000 - 0x00007ffee4a32000 	C:\WINDOWS\System32\bcryptPrimitives.dll
0x00007ffecb7e0000 - 0x00007ffecb805000 	C:\Program Files\Java\jdk-16.0.1\bin\java.dll
0x00007ffee4df0000 - 0x00007ffee5534000 	C:\WINDOWS\System32\SHELL32.dll
0x00007ffee24d0000 - 0x00007ffee2c64000 	C:\WINDOWS\SYSTEM32\windows.storage.dll
0x00007ffee60f0000 - 0x00007ffee6445000 	C:\WINDOWS\System32\combase.dll
0x00007ffee3cc0000 - 0x00007ffee3cee000 	C:\WINDOWS\SYSTEM32\Wldp.dll
0x00007ffee5e90000 - 0x00007ffee5f3d000 	C:\WINDOWS\System32\SHCORE.dll
0x00007ffee6760000 - 0x00007ffee67b5000 	C:\WINDOWS\System32\shlwapi.dll
0x00007ffee4360000 - 0x00007ffee437f000 	C:\WINDOWS\SYSTEM32\profapi.dll
0x00007ffecfb30000 - 0x00007ffecfb49000 	C:\Program Files\Java\jdk-16.0.1\bin\net.dll
0x00007ffedea90000 - 0x00007ffedeb9c000 	C:\WINDOWS\SYSTEM32\WINHTTP.dll
0x00007ffee3aa0000 - 0x00007ffee3b0a000 	C:\WINDOWS\system32\mswsock.dll
0x00007ffecf930000 - 0x00007ffecf943000 	C:\Program Files\Java\jdk-16.0.1\bin\nio.dll
0x00007ffecb840000 - 0x00007ffecb858000 	C:\Program Files\Java\jdk-16.0.1\bin\zip.dll
0x00007ffed4370000 - 0x00007ffed4380000 	C:\Program Files\Java\jdk-16.0.1\bin\verify.dll
0x00007ffeddbe0000 - 0x00007ffeddbea000 	C:\Program Files\NetBeans-12.6\netbeans\java\maven\lib\jansi-native\windows64\jansi.dll

dbghelp: loaded successfully - version: 4.0.5 - missing functions: none
symbol engine: initialized successfully - sym options: 0x614 - pdb path: .;C:\Program Files\Java\jdk-16.0.1\bin;C:\WINDOWS\SYSTEM32;C:\WINDOWS\WinSxS\amd64_microsoft.windows.common-controls_6595b64144ccf1df_6.0.19041.1110_none_60b5254171f9507e;C:\Program Files\Java\jdk-16.0.1\bin\server;C:\Program Files\NetBeans-12.6\netbeans\java\maven\lib\jansi-native\windows64

VM Arguments:
jvm_args: -Dclassworlds.conf=C:\Program Files\NetBeans-12.6\netbeans\java\maven\bin\..\bin\m2.conf -Dmaven.home=C:\Program Files\NetBeans-12.6\netbeans\java\maven\bin\.. -Dlibrary.jansi.path=C:\Program Files\NetBeans-12.6\netbeans\java\maven\bin\..\lib\jansi-native -Dmaven.multiModuleProjectDirectory=C:\Users\Surface Pro\Documents\NetBeansProjects\ServicesEtudiants 
java_command: org.codehaus.plexus.classworlds.launcher.Launcher -Dexec.vmArgs= -Dexec.args=${exec.vmArgs} -classpath %classpath ${exec.mainClass} ${exec.appArgs} -Dexec.appArgs= -Dexec.mainClass=com.mycompany.servicesetudiants.Login -Dexec.executable=C:\Program Files\Java\jdk-16.0.1\bin\java.exe -Dmaven.ext.class.path=C:\Program Files\NetBeans-12.6\netbeans\java\maven-nblib\netbeans-eventspy.jar -Dfile.encoding=UTF-8 org.codehaus.mojo:exec-maven-plugin:3.0.0:exec
java_class_path (initial): C:\Program Files\NetBeans-12.6\netbeans\java\maven\bin\..\boot\plexus-classworlds-2.6.0.jar
Launcher Type: SUN_STANDARD

[Global flags]
     intx CICompilerCount                          = 3                                         {product} {ergonomic}
     uint ConcGCThreads                            = 1                                         {product} {ergonomic}
     uint G1ConcRefinementThreads                  = 4                                         {product} {ergonomic}
   size_t G1HeapRegionSize                         = 2097152                                   {product} {ergonomic}
    uintx GCDrainStackTargetSize                   = 64                                        {product} {ergonomic}
   size_t InitialHeapSize                          = 268435456                                 {product} {ergonomic}
   size_t MarkStackSize                            = 4194304                                   {product} {ergonomic}
   size_t MaxHeapSize                              = 4273995776                                {product} {ergonomic}
   size_t MaxNewSize                               = 2562719744                                {product} {ergonomic}
   size_t MinHeapDeltaBytes                        = 2097152                                   {product} {ergonomic}
   size_t MinHeapSize                              = 8388608                                   {product} {ergonomic}
    uintx NonNMethodCodeHeapSize                   = 5832780                                {pd product} {ergonomic}
    uintx NonProfiledCodeHeapSize                  = 122912730                              {pd product} {ergonomic}
    uintx ProfiledCodeHeapSize                     = 122912730                              {pd product} {ergonomic}
    uintx ReservedCodeCacheSize                    = 251658240                              {pd product} {ergonomic}
     bool SegmentedCodeCache                       = true                                      {product} {ergonomic}
   size_t SoftMaxHeapSize                          = 4273995776                             {manageable} {ergonomic}
     bool UseCompressedClassPointers               = true                           {product lp64_product} {ergonomic}
     bool UseCompressedOops                        = true                           {product lp64_product} {ergonomic}
     bool UseG1GC                                  = true                                      {product} {ergonomic}
     bool UseLargePagesIndividualAllocation        = false                                  {pd product} {ergonomic}

Logging:
Log output configuration:
 #0: stdout all=warning uptime,level,tags
 #1: stderr all=off uptime,level,tags

Environment Variables:
JAVA_HOME=C:\Program Files\Java\jdk-16.0.1
PATH=C:\Program Files (x86)\VMware\VMware Workstation\bin\;C:\Program Files\Microsoft MPI\Bin\;C:\app\moad\product\18.0.0\dbhomeXE\bin;C:\Program Files\Eclipse Foundation\jdk-16.0.2.7-hotspot\bin;C:\Program Files\Common Files\Oracle\Java\javapath;C:\WINDOWS\system32;C:\WINDOWS;C:\WINDOWS\System32\Wbem;C:\WINDOWS\System32\WindowsPowerShell\v1.0\;C:\WINDOWS\System32\OpenSSH\;C:\Program Files\NVIDIA Corporation\NVIDIA NvDLISR;C:\Program Files (x86)\NVIDIA Corporation\PhysX\Common;C:\Program Files\Git\cmd;C:\Program Files (x86)\Dev-Cpp\MinGW64\bin;C:\GnuWin32\bin;C:\Program Files\Docker\Docker\resources\bin;C:\ProgramData\DockerDesktop\version-bin;C:\Program Files\Inkscape\bin;C:\Program Files (x86)\Microsoft SQL Server\150\Tools\Binn\;C:\Program Files\Microsoft SQL Server\150\Tools\Binn\;C:\Program Files (x86)\Microsoft SQL Server\150\DTS\Binn\;C:\Program Files\Microsoft SQL Server\150\DTS\Binn\;C:\Program Files\Microsoft SQL Server\Client SDK\ODBC\170\Tools\Binn\;C:\Program Files\Azure Data Studio\bin;C:\Program Files\dotnet\;C:\Program Files\nodejs\;C:\Users\Surface Pro\AppData\Local\Programs\Python\Python310\Scripts;C:\Users\Surface Pro\AppData\Local\Programs\Python\Python310;C:\Program Files\Java\jdk-16.0.1;C:\Users\Surface Pro\AppData\Local\Programs\Python\Python310\Scripts\;C:\Users\Surface Pro\AppData\Local\Programs\Python\Python310\;C:\Users\Surface Pro\AppData\Local\Microsoft\WindowsApps;C:\Users\Surface Pro\AppData\Local\Programs\Microsoft VS Code\bin;C:\Users\Surface Pro\Downloads\apache-maven-3.8.2-bin\apache-maven-3.8.2\bin;;C:\Program Files\Azure Data Studio\bin;C:\Users\Surface Pro\.dotnet\tools;C:\Users\Surface Pro\AppData\Roaming\npm
USERNAME=Surface Pro
OS=Windows_NT
PROCESSOR_IDENTIFIER=Intel64 Family 6 Model 78 Stepping 3, GenuineIntel



---------------  S Y S T E M  ---------------

OS:
 Windows 10 , 64 bit Build 19041 (10.0.19041.1348)
OS uptime: 3 days 11:29 hours
Hyper-V role detected

CPU: total 4 (initial active 4) (2 cores per cpu, 2 threads per core) family 6 model 78 stepping 3 microcode 0xea, cx8, cmov, fxsr, ht, mmx, 3dnowpref, sse, sse2, sse3, ssse3, sse4.1, sse4.2, popcnt, lzcnt, tsc, tscinvbit, avx, avx2, aes, erms, clmul, bmi1, bmi2, rtm, adx, fma, vzeroupper, clflush, clflushopt, hv

Memory: 4k page, system-wide physical 16301M (2829M free)
TotalPageFile size 21396M (AvailPageFile size 5M)
current process WorkingSet (physical memory assigned to process): 102M, peak: 102M
current process commit charge ("private bytes"): 367M, peak: 367M

vm_info: Java HotSpot(TM) 64-Bit Server VM (16.0.1+9-24) for windows-amd64 JRE (16.0.1+9-24), built on Mar 26 2021 19:31:42 by "mach5one" with MS VC++ 16.7 (VS2019)

END.
